<?xml version="1.0" encoding="UTF-8"?>
<!-- Generated by org.testng.reporters.JUnitReportReporter -->
<testsuite hostname="DESKTOP-O6JF8OA" name="ikmanlk.test.TestNgTestNGTest" tests="1" failures="0" timestamp="13 Jul 2018 15:05:04 GMT" time="236.944" errors="0">
  <testcase name="testIkman" time="236.944" classname="ikmanlk.test.TestNgTestNGTest"/>
</testsuite> <!-- ikmanlk.test.TestNgTestNGTest -->
